2019-11-14 07:26:37.056   MAIN   INF   Server running
2019-11-14 07:26:38.407   MAIN   INF   Config file already exists
2019-11-14 07:33:22.819   MAIN   INF   Config file already exists
2019-11-14 07:33:22.819   MAIN   INF   Server running
2019-11-14 07:53:12.478   MAIN   INF   Generating screenshot
2019-11-14 07:53:12.525   MAIN   INF   Displays: 1
2019-11-14 07:53:12.525   MAIN   INF   Bounds: (0,0)-(1680,1050)
2019-11-14 07:53:13.070   MAIN   INF   Generated screenshot: image.png
2019-11-14 07:53:13.070   MAIN   INF   Generating finished
2019-11-14 07:53:20.727   MAIN   INF   Generating screenshot
2019-11-14 07:53:20.727   MAIN   INF   Displays: 1
2019-11-14 07:53:20.727   MAIN   INF   Bounds: (0,0)-(1680,1050)
2019-11-14 07:53:21.218   MAIN   INF   Generated screenshot: image.png
2019-11-14 07:53:21.218   MAIN   INF   Generating finished
2019-11-14 07:53:28.069   MAIN   INF   Generating screenshot
2019-11-14 07:53:28.069   MAIN   INF   Displays: 1
2019-11-14 07:53:28.070   MAIN   INF   Bounds: (0,0)-(1680,1050)
2019-11-14 07:53:28.580   MAIN   INF   Generated screenshot: image.png
2019-11-14 07:53:28.580   MAIN   INF   Generating finished
2019-11-14 07:53:30.150   MAIN   INF   Generating screenshot
2019-11-14 07:53:30.150   MAIN   INF   Displays: 1
2019-11-14 07:53:30.151   MAIN   INF   Bounds: (0,0)-(1680,1050)
2019-11-14 07:53:30.650   MAIN   INF   Generated screenshot: image.png
2019-11-14 07:53:30.650   MAIN   INF   Generating finished
2019-11-14 07:54:17.070   MAIN   INF   Generating screenshot
2019-11-14 07:54:17.071   MAIN   INF   Displays: 1
2019-11-14 07:54:17.072   MAIN   INF   Bounds: (0,0)-(1680,1050)
2019-11-14 07:54:17.591   MAIN   INF   Generated screenshot: image.png
2019-11-14 07:54:17.591   MAIN   INF   Generating finished
2019-11-14 07:54:29.677   MAIN   INF   Generating screenshot
2019-11-14 07:54:29.678   MAIN   INF   Displays: 1
2019-11-14 07:54:29.678   MAIN   INF   Bounds: (0,0)-(1680,1050)
2019-11-14 07:54:30.202   MAIN   INF   Generated screenshot: image.png
2019-11-14 07:54:30.202   MAIN   INF   Generating finished
2019-11-14 07:54:33.954   MAIN   INF   Generating screenshot
2019-11-14 07:54:33.954   MAIN   INF   Displays: 1
2019-11-14 07:54:33.954   MAIN   INF   Bounds: (0,0)-(1680,1050)
2019-11-14 07:54:34.503   MAIN   INF   Generated screenshot: image.png
2019-11-14 07:54:34.503   MAIN   INF   Generating finished
2019-11-14 07:54:39.773   MAIN   INF   Generating screenshot
2019-11-14 07:54:39.774   MAIN   INF   Displays: 1
2019-11-14 07:54:39.774   MAIN   INF   Bounds: (0,0)-(1680,1050)
2019-11-14 07:54:40.252   MAIN   INF   Generated screenshot: image.png
2019-11-14 07:54:40.252   MAIN   INF   Generating finished
2019-11-14 07:54:49.473   MAIN   INF   Generating screenshot
2019-11-14 07:54:49.473   MAIN   INF   Displays: 1
2019-11-14 07:54:49.473   MAIN   INF   Bounds: (0,0)-(1680,1050)
2019-11-14 07:54:49.977   MAIN   INF   Generated screenshot: image.png
2019-11-14 07:54:49.977   MAIN   INF   Generating finished
2019-11-14 07:54:50.893   MAIN   INF   Generating screenshot
2019-11-14 07:54:50.893   MAIN   INF   Displays: 1
2019-11-14 07:54:50.894   MAIN   INF   Bounds: (0,0)-(1680,1050)
2019-11-14 07:54:51.392   MAIN   INF   Generated screenshot: image.png
2019-11-14 07:54:51.392   MAIN   INF   Generating finished
2019-11-14 09:36:44.894   MAIN   INF   
2019-11-14 10:32:18.653   MAIN   INF   Config file already exists
2019-11-14 10:32:18.653   MAIN   INF   Server running
2019-11-14 10:36:05.453   MAIN   INF   Config file already exists
2019-11-14 10:36:05.454   MAIN   INF   Server running
2019-11-14 10:38:45.490   MAIN   INF   Config file already exists
2019-11-14 10:38:45.490   MAIN   INF   Server running
2019-11-14 10:39:56.925   MAIN   INF   Config file already exists
2019-11-14 10:39:56.925   MAIN   INF   Server running
2019-11-14 10:42:38.606   MAIN   INF   Config file already exists
2019-11-14 10:42:38.607   MAIN   INF   Server running
2019-11-14 10:42:45.755   MAIN   INF   Config file already exists
2019-11-14 10:42:45.755   MAIN   INF   Server running
2019-11-14 10:44:57.009   MAIN   INF   Config file already exists
2019-11-14 10:44:57.009   MAIN   INF   Server running
2019-11-14 10:55:07.368   MAIN   INF   Config file already exists
2019-11-14 10:55:07.369   MAIN   INF   Server running
2019-11-14 10:58:46.081   MAIN   INF   Config file already exists
2019-11-14 10:58:46.081   MAIN   INF   Server running
2019-11-14 11:11:55.500   MAIN   INF   Config file already exists
2019-11-14 11:11:55.501   MAIN   INF   Server running
2019-11-14 11:12:32.020   MAIN   INF   Writing data to JSON file
2019-11-14 11:12:32.021   MAIN   INF   Data written to config file
2019-11-14 14:21:26.731   MAIN   INF   Config file already exists
2019-11-14 14:21:26.732   MAIN   INF   Server running
2019-11-14 14:21:38.789   MAIN   INF   Updating server ip address
2019-11-14 14:21:38.789   MAIN   INF   Server ip address updated
2019-11-14 14:21:52.992   MAIN   INF   Generating screenshot
2019-11-14 14:21:53.037   MAIN   INF   Displays: 1
2019-11-14 14:21:53.038   MAIN   INF   Bounds: (0,0)-(1680,1050)
2019-11-14 14:21:53.278   MAIN   INF   Generated screenshot: image.png
2019-11-14 14:21:53.278   MAIN   INF   Generating finished
2019-11-14 14:21:57.584   MAIN   INF   Generating screenshot
2019-11-14 14:21:57.584   MAIN   INF   Displays: 1
2019-11-14 14:21:57.584   MAIN   INF   Bounds: (0,0)-(1680,1050)
2019-11-14 14:21:57.789   MAIN   INF   Generated screenshot: image.png
2019-11-14 14:21:57.789   MAIN   INF   Generating finished
2019-11-14 14:22:10.481   MAIN   INF   Generating screenshot
2019-11-14 14:22:10.481   MAIN   INF   Displays: 1
2019-11-14 14:22:10.481   MAIN   INF   Bounds: (0,0)-(1680,1050)
2019-11-14 14:22:10.699   MAIN   INF   Generated screenshot: image.png
2019-11-14 14:22:10.699   MAIN   INF   Generating finished
2019-11-14 14:22:13.931   MAIN   INF   Generating screenshot
2019-11-14 14:22:13.931   MAIN   INF   Displays: 1
2019-11-14 14:22:13.932   MAIN   INF   Bounds: (0,0)-(1680,1050)
2019-11-14 14:22:14.249   MAIN   INF   Generated screenshot: image.png
2019-11-14 14:22:14.249   MAIN   INF   Generating finished
2019-11-14 14:22:17.725   MAIN   INF   Generating screenshot
2019-11-14 14:22:17.725   MAIN   INF   Displays: 1
2019-11-14 14:22:17.726   MAIN   INF   Bounds: (0,0)-(1680,1050)
2019-11-14 14:22:18.039   MAIN   INF   Generated screenshot: image.png
2019-11-14 14:22:18.039   MAIN   INF   Generating finished
2019-11-14 14:22:19.226   MAIN   INF   Generating screenshot
2019-11-14 14:22:19.226   MAIN   INF   Displays: 1
2019-11-14 14:22:19.227   MAIN   INF   Bounds: (0,0)-(1680,1050)
2019-11-14 14:22:19.539   MAIN   INF   Generated screenshot: image.png
2019-11-14 14:22:19.539   MAIN   INF   Generating finished
2019-11-14 14:22:22.689   MAIN   INF   Generating screenshot
2019-11-14 14:22:22.689   MAIN   INF   Displays: 1
2019-11-14 14:22:22.689   MAIN   INF   Bounds: (0,0)-(1680,1050)
2019-11-14 14:22:22.895   MAIN   INF   Generated screenshot: image.png
2019-11-14 14:22:22.895   MAIN   INF   Generating finished
2019-11-14 14:22:43.774   MAIN   INF   
2019-11-14 14:22:45.684   MAIN   INF   
2019-11-14 14:22:52.854   MAIN   INF   Changed to DHCP with result: 
2019-11-14 14:28:04.308   MAIN   INF   Config file already exists
2019-11-14 14:28:04.308   MAIN   INF   Server running
2019-11-14 14:28:06.680   MAIN   INF   Generating screenshot
2019-11-14 14:28:06.713   MAIN   INF   Displays: 1
2019-11-14 14:28:06.714   MAIN   INF   Bounds: (0,0)-(1680,1050)
2019-11-14 14:28:07.183   MAIN   INF   Generated screenshot: image.png
2019-11-14 14:28:07.183   MAIN   INF   Generating finished
2019-11-14 14:28:14.161   MAIN   INF   Generating screenshot
2019-11-14 14:28:14.162   MAIN   INF   Displays: 1
2019-11-14 14:28:14.162   MAIN   INF   Bounds: (0,0)-(1680,1050)
2019-11-14 14:28:14.600   MAIN   INF   Generated screenshot: image.png
2019-11-14 14:28:14.600   MAIN   INF   Generating finished
2019-11-14 14:28:19.682   MAIN   INF   Changed to DHCP with result: 
2019-11-14 14:28:44.196   MAIN   INF   Config file already exists
2019-11-14 14:28:44.197   MAIN   INF   Server running
2019-11-14 14:28:45.225   MAIN   INF   Changed to DHCP with result: 
2019-11-14 14:29:11.790   MAIN   INF   Config file already exists
2019-11-14 14:29:11.790   MAIN   INF   Server running
2019-11-14 14:29:13.132   MAIN   INF   Changed to DHCP with result: 
2019-11-14 14:29:29.683   MAIN   INF   Config file already exists
2019-11-14 14:29:29.683   MAIN   INF   Server running
2019-11-14 14:29:44.847   MAIN   INF   Config file already exists
2019-11-14 14:29:44.847   MAIN   INF   Server running
2019-11-14 14:30:05.601   MAIN   INF   Config file already exists
2019-11-14 14:30:05.601   MAIN   INF   Server running
2019-11-14 14:30:08.957   MAIN   INF   Changed to DHCP with result: 
2019-11-14 14:31:03.543   MAIN   INF   Generating screenshot
2019-11-14 14:31:03.578   MAIN   INF   Displays: 1
2019-11-14 14:31:03.579   MAIN   INF   Bounds: (0,0)-(1680,1050)
2019-11-14 14:31:04.064   MAIN   INF   Generated screenshot: image.png
2019-11-14 14:31:04.064   MAIN   INF   Generating finished
2019-11-14 14:33:37.887   MAIN   INF   Config file already exists
2019-11-14 14:33:37.887   MAIN   INF   Server running
2019-11-14 14:36:53.172   MAIN   INF   Config file already exists
2019-11-14 14:36:53.173   MAIN   INF   Server running
2019-11-14 14:37:54.502   MAIN   INF   Config file already exists
2019-11-14 14:37:54.502   MAIN   INF   Server running
2019-11-14 14:44:58.973   MAIN   INF   Generating screenshot
2019-11-14 14:44:59.011   MAIN   INF   Displays: 1
2019-11-14 14:44:59.011   MAIN   INF   Bounds: (0,0)-(1680,1050)
2019-11-14 14:44:59.480   MAIN   INF   Generated screenshot: image.png
2019-11-14 14:44:59.480   MAIN   INF   Generating finished
2019-11-14 14:45:13.958   MAIN   INF   Config file already exists
2019-11-14 14:45:13.959   MAIN   INF   Server running
2019-11-14 14:45:41.584   MAIN   INF   Config file already exists
2019-11-14 14:45:41.584   MAIN   INF   Server running
