2019-11-10 17:24:58.811   MAIN   INF   Server running
2019-11-10 17:25:01.309   MAIN   INF   Config file already exists
2019-11-10 17:25:02.470   MAIN   INF   Generating screenshot
2019-11-10 17:25:02.506   MAIN   INF   Displays: 1
2019-11-10 17:25:02.506   MAIN   INF   Bounds: (0,0)-(1680,1050)
2019-11-10 17:25:02.761   MAIN   INF   Generated screenshot: image.png
2019-11-10 17:25:02.761   MAIN   INF   Generating finished
2019-11-10 17:25:04.335   MAIN   INF   Config file already exists
2019-11-10 17:25:29.249   MAIN   INF   Generating screenshot
2019-11-10 17:25:29.249   MAIN   INF   Displays: 1
2019-11-10 17:25:29.249   MAIN   INF   Bounds: (0,0)-(1680,1050)
2019-11-10 17:25:29.486   MAIN   INF   Generated screenshot: image.png
2019-11-10 17:25:29.486   MAIN   INF   Generating finished
2019-11-10 17:25:30.751   MAIN   INF   Config file already exists
2019-11-10 17:26:13.092   MAIN   INF   Config file already exists
2019-11-10 17:26:14.020   MAIN   INF   Generating screenshot
2019-11-10 17:26:14.020   MAIN   INF   Displays: 1
2019-11-10 17:26:14.020   MAIN   INF   Bounds: (0,0)-(1680,1050)
2019-11-10 17:26:14.236   MAIN   INF   Generated screenshot: image.png
2019-11-10 17:26:14.236   MAIN   INF   Generating finished
2019-11-10 17:26:15.896   MAIN   INF   Config file already exists
2019-11-10 17:26:16.542   MAIN   INF   Generating screenshot
2019-11-10 17:26:16.542   MAIN   INF   Displays: 1
2019-11-10 17:26:16.542   MAIN   INF   Bounds: (0,0)-(1680,1050)
2019-11-10 17:26:16.762   MAIN   INF   Generated screenshot: image.png
2019-11-10 17:26:16.762   MAIN   INF   Generating finished
2019-11-10 17:26:17.362   MAIN   INF   Config file already exists
2019-11-10 17:27:29.504   MAIN   INF   Server running
2019-11-10 17:27:31.019   MAIN   INF   Generating screenshot
2019-11-10 17:27:31.059   MAIN   INF   Displays: 1
2019-11-10 17:27:31.059   MAIN   INF   Bounds: (0,0)-(1680,1050)
2019-11-10 17:27:31.303   MAIN   INF   Generated screenshot: image.png
2019-11-10 17:27:31.303   MAIN   INF   Generating finished
2019-11-10 17:27:33.455   MAIN   INF   Config file already exists
2019-11-10 17:27:34.053   MAIN   INF   Generating screenshot
2019-11-10 17:27:34.053   MAIN   INF   Displays: 1
2019-11-10 17:27:34.053   MAIN   INF   Bounds: (0,0)-(1680,1050)
2019-11-10 17:27:34.275   MAIN   INF   Generated screenshot: image.png
2019-11-10 17:27:34.275   MAIN   INF   Generating finished
2019-11-10 17:28:56.922   MAIN   INF   Server running
2019-11-10 17:29:01.079   MAIN   INF   Config file already exists
2019-11-10 17:29:01.650   MAIN   INF   Generating screenshot
2019-11-10 17:29:01.683   MAIN   INF   Displays: 1
2019-11-10 17:29:01.683   MAIN   INF   Bounds: (0,0)-(1680,1050)
2019-11-10 17:29:01.926   MAIN   INF   Generated screenshot: image.png
2019-11-10 17:29:01.926   MAIN   INF   Generating finished
2019-11-10 17:29:03.046   MAIN   INF   Config file already exists
2019-11-10 17:29:07.574   MAIN   INF   Generating screenshot
2019-11-10 17:29:07.574   MAIN   INF   Displays: 1
2019-11-10 17:29:07.575   MAIN   INF   Bounds: (0,0)-(1680,1050)
2019-11-10 17:29:07.785   MAIN   INF   Generated screenshot: image.png
2019-11-10 17:29:07.785   MAIN   INF   Generating finished
2019-11-10 17:29:08.723   MAIN   INF   Config file already exists
2019-11-10 17:29:53.508   MAIN   INF   Server running
2019-11-10 17:29:58.220   MAIN   INF   Generating screenshot
2019-11-10 17:29:58.252   MAIN   INF   Displays: 1
2019-11-10 17:29:58.252   MAIN   INF   Bounds: (0,0)-(1680,1050)
2019-11-10 17:29:58.499   MAIN   INF   Generated screenshot: image.png
2019-11-10 17:29:58.499   MAIN   INF   Generating finished
2019-11-10 17:29:59.410   MAIN   INF   Config file already exists
2019-11-10 17:30:00.562   MAIN   INF   Generating screenshot
2019-11-10 17:30:00.562   MAIN   INF   Displays: 1
2019-11-10 17:30:00.562   MAIN   INF   Bounds: (0,0)-(1680,1050)
2019-11-10 17:30:00.782   MAIN   INF   Generated screenshot: image.png
2019-11-10 17:30:00.782   MAIN   INF   Generating finished
2019-11-10 17:30:12.559   MAIN   INF   Server running
2019-11-10 17:30:14.912   MAIN   INF   Config file already exists
2019-11-10 17:30:15.773   MAIN   INF   Generating screenshot
2019-11-10 17:30:15.805   MAIN   INF   Displays: 1
2019-11-10 17:30:15.805   MAIN   INF   Bounds: (0,0)-(1680,1050)
2019-11-10 17:30:16.050   MAIN   INF   Generated screenshot: image.png
2019-11-10 17:30:16.050   MAIN   INF   Generating finished
2019-11-10 17:30:17.505   MAIN   INF   Config file already exists
2019-11-10 17:30:18.074   MAIN   INF   Generating screenshot
2019-11-10 17:30:18.074   MAIN   INF   Displays: 1
2019-11-10 17:30:18.075   MAIN   INF   Bounds: (0,0)-(1680,1050)
2019-11-10 17:30:18.277   MAIN   INF   Generated screenshot: image.png
2019-11-10 17:30:18.277   MAIN   INF   Generating finished
2019-11-10 17:30:57.028   MAIN   INF   Server running
2019-11-10 17:30:59.786   MAIN   INF   Config file already exists
2019-11-10 17:31:00.341   MAIN   INF   Generating screenshot
2019-11-10 17:31:00.373   MAIN   INF   Displays: 1
2019-11-10 17:31:00.374   MAIN   INF   Bounds: (0,0)-(1680,1050)
2019-11-10 17:31:00.618   MAIN   INF   Generated screenshot: image.png
2019-11-10 17:31:00.618   MAIN   INF   Generating finished
2019-11-10 17:31:50.167   MAIN   INF   Generating screenshot
2019-11-10 17:31:50.168   MAIN   INF   Displays: 1
2019-11-10 17:31:50.168   MAIN   INF   Bounds: (0,0)-(1680,1050)
2019-11-10 17:31:50.411   MAIN   INF   Generated screenshot: image.png
2019-11-10 17:31:50.412   MAIN   INF   Generating finished
2019-11-10 17:32:20.577   MAIN   INF   Generating screenshot
2019-11-10 17:32:20.577   MAIN   INF   Displays: 1
2019-11-10 17:32:20.578   MAIN   INF   Bounds: (0,0)-(1680,1050)
2019-11-10 17:32:20.845   MAIN   INF   Generated screenshot: image.png
2019-11-10 17:32:20.845   MAIN   INF   Generating finished
2019-11-10 17:32:26.711   MAIN   INF   Config file already exists
2019-11-10 17:32:27.488   MAIN   INF   Generating screenshot
2019-11-10 17:32:27.488   MAIN   INF   Displays: 1
2019-11-10 17:32:27.488   MAIN   INF   Bounds: (0,0)-(1680,1050)
2019-11-10 17:32:27.699   MAIN   INF   Generated screenshot: image.png
2019-11-10 17:32:27.699   MAIN   INF   Generating finished
2019-11-10 17:32:42.986   MAIN   INF   Config file already exists
2019-11-10 17:32:43.578   MAIN   INF   Generating screenshot
2019-11-10 17:32:43.578   MAIN   INF   Displays: 1
2019-11-10 17:32:43.579   MAIN   INF   Bounds: (0,0)-(1680,1050)
2019-11-10 17:32:43.794   MAIN   INF   Generated screenshot: image.png
2019-11-10 17:32:43.794   MAIN   INF   Generating finished
2019-11-10 17:33:53.367   MAIN   INF   Config file already exists
2019-11-10 17:33:54.065   MAIN   INF   Generating screenshot
2019-11-10 17:33:54.065   MAIN   INF   Displays: 1
2019-11-10 17:33:54.066   MAIN   INF   Bounds: (0,0)-(1680,1050)
2019-11-10 17:33:54.281   MAIN   INF   Generated screenshot: image.png
2019-11-10 17:33:54.281   MAIN   INF   Generating finished
2019-11-10 17:34:09.239   MAIN   INF   Config file already exists
2019-11-10 17:34:10.110   MAIN   INF   Generating screenshot
2019-11-10 17:34:10.110   MAIN   INF   Displays: 1
2019-11-10 17:34:10.110   MAIN   INF   Bounds: (0,0)-(1680,1050)
2019-11-10 17:34:10.316   MAIN   INF   Generated screenshot: image.png
2019-11-10 17:34:10.316   MAIN   INF   Generating finished
2019-11-10 17:34:23.718   MAIN   INF   Config file already exists
2019-11-10 17:34:24.303   MAIN   INF   Generating screenshot
2019-11-10 17:34:24.303   MAIN   INF   Displays: 1
2019-11-10 17:34:24.303   MAIN   INF   Bounds: (0,0)-(1680,1050)
2019-11-10 17:34:24.522   MAIN   INF   Generated screenshot: image.png
2019-11-10 17:34:24.522   MAIN   INF   Generating finished
2019-11-10 17:34:38.975   MAIN   INF   Config file already exists
2019-11-10 17:34:39.570   MAIN   INF   Generating screenshot
2019-11-10 17:34:39.570   MAIN   INF   Displays: 1
2019-11-10 17:34:39.571   MAIN   INF   Bounds: (0,0)-(1680,1050)
2019-11-10 17:34:39.790   MAIN   INF   Generated screenshot: image.png
2019-11-10 17:34:39.790   MAIN   INF   Generating finished
2019-11-10 17:34:47.359   MAIN   INF   Config file already exists
2019-11-10 17:34:47.864   MAIN   INF   Generating screenshot
2019-11-10 17:34:47.864   MAIN   INF   Displays: 1
2019-11-10 17:34:47.864   MAIN   INF   Bounds: (0,0)-(1680,1050)
2019-11-10 17:34:48.078   MAIN   INF   Generated screenshot: image.png
2019-11-10 17:34:48.078   MAIN   INF   Generating finished
2019-11-10 17:35:00.821   MAIN   INF   Config file already exists
2019-11-10 17:35:01.373   MAIN   INF   Generating screenshot
2019-11-10 17:35:01.373   MAIN   INF   Displays: 1
2019-11-10 17:35:01.373   MAIN   INF   Bounds: (0,0)-(1680,1050)
2019-11-10 17:35:01.579   MAIN   INF   Generated screenshot: image.png
2019-11-10 17:35:01.579   MAIN   INF   Generating finished
2019-11-10 17:35:09.162   MAIN   INF   Config file already exists
2019-11-10 17:35:09.655   MAIN   INF   Generating screenshot
2019-11-10 17:35:09.656   MAIN   INF   Displays: 1
2019-11-10 17:35:09.656   MAIN   INF   Bounds: (0,0)-(1680,1050)
2019-11-10 17:35:09.868   MAIN   INF   Generated screenshot: image.png
2019-11-10 17:35:09.868   MAIN   INF   Generating finished
2019-11-10 17:35:19.730   MAIN   INF   Config file already exists
2019-11-10 17:35:20.229   MAIN   INF   Generating screenshot
2019-11-10 17:35:20.229   MAIN   INF   Displays: 1
2019-11-10 17:35:20.230   MAIN   INF   Bounds: (0,0)-(1680,1050)
2019-11-10 17:35:20.451   MAIN   INF   Generated screenshot: image.png
2019-11-10 17:35:20.451   MAIN   INF   Generating finished
2019-11-10 17:35:25.966   MAIN   INF   Config file already exists
2019-11-10 17:35:26.430   MAIN   INF   Generating screenshot
2019-11-10 17:35:26.431   MAIN   INF   Displays: 1
2019-11-10 17:35:26.431   MAIN   INF   Bounds: (0,0)-(1680,1050)
2019-11-10 17:35:26.632   MAIN   INF   Generated screenshot: image.png
2019-11-10 17:35:26.632   MAIN   INF   Generating finished
2019-11-10 17:35:31.595   MAIN   INF   Config file already exists
2019-11-10 17:35:31.966   MAIN   INF   Generating screenshot
2019-11-10 17:35:31.966   MAIN   INF   Displays: 1
2019-11-10 17:35:31.966   MAIN   INF   Bounds: (0,0)-(1680,1050)
2019-11-10 17:35:32.184   MAIN   INF   Generated screenshot: image.png
2019-11-10 17:35:32.184   MAIN   INF   Generating finished
2019-11-10 17:35:36.091   MAIN   INF   Config file already exists
2019-11-10 17:35:37.377   MAIN   INF   Generating screenshot
2019-11-10 17:35:37.378   MAIN   INF   Displays: 1
2019-11-10 17:35:37.378   MAIN   INF   Bounds: (0,0)-(1680,1050)
2019-11-10 17:35:37.755   MAIN   INF   Generated screenshot: image.png
2019-11-10 17:35:37.755   MAIN   INF   Generating finished
2019-11-10 17:36:07.586   MAIN   INF   Config file already exists
2019-11-10 17:36:08.146   MAIN   INF   Generating screenshot
2019-11-10 17:36:08.146   MAIN   INF   Displays: 1
2019-11-10 17:36:08.146   MAIN   INF   Bounds: (0,0)-(1680,1050)
2019-11-10 17:36:08.369   MAIN   INF   Generated screenshot: image.png
2019-11-10 17:36:08.369   MAIN   INF   Generating finished
2019-11-10 17:36:21.399   MAIN   INF   Config file already exists
2019-11-10 17:36:21.811   MAIN   INF   Generating screenshot
2019-11-10 17:36:21.811   MAIN   INF   Displays: 1
2019-11-10 17:36:21.811   MAIN   INF   Bounds: (0,0)-(1680,1050)
2019-11-10 17:36:22.027   MAIN   INF   Generated screenshot: image.png
2019-11-10 17:36:22.027   MAIN   INF   Generating finished
2019-11-10 17:36:30.462   MAIN   INF   Config file already exists
2019-11-10 17:36:30.959   MAIN   INF   Generating screenshot
2019-11-10 17:36:30.959   MAIN   INF   Displays: 1
2019-11-10 17:36:30.959   MAIN   INF   Bounds: (0,0)-(1680,1050)
2019-11-10 17:36:31.179   MAIN   INF   Generated screenshot: image.png
2019-11-10 17:36:31.179   MAIN   INF   Generating finished
2019-11-10 17:36:40.548   MAIN   INF   Config file already exists
2019-11-10 17:36:40.991   MAIN   INF   Generating screenshot
2019-11-10 17:36:40.991   MAIN   INF   Displays: 1
2019-11-10 17:36:40.992   MAIN   INF   Bounds: (0,0)-(1680,1050)
2019-11-10 17:36:41.212   MAIN   INF   Generated screenshot: image.png
2019-11-10 17:36:41.212   MAIN   INF   Generating finished
2019-11-10 17:36:59.060   MAIN   INF   Config file already exists
2019-11-10 17:36:59.466   MAIN   INF   Generating screenshot
2019-11-10 17:36:59.466   MAIN   INF   Displays: 1
2019-11-10 17:36:59.466   MAIN   INF   Bounds: (0,0)-(1680,1050)
2019-11-10 17:36:59.688   MAIN   INF   Generated screenshot: image.png
2019-11-10 17:36:59.688   MAIN   INF   Generating finished
2019-11-10 17:37:10.858   MAIN   INF   Config file already exists
2019-11-10 17:37:11.552   MAIN   INF   Generating screenshot
2019-11-10 17:37:11.553   MAIN   INF   Displays: 1
2019-11-10 17:37:11.553   MAIN   INF   Bounds: (0,0)-(1680,1050)
2019-11-10 17:37:12.055   MAIN   INF   Generated screenshot: image.png
2019-11-10 17:37:12.055   MAIN   INF   Generating finished
2019-11-10 17:37:15.164   MAIN   INF   Config file already exists
2019-11-10 17:37:26.180   MAIN   INF   Generating screenshot
2019-11-10 17:37:26.181   MAIN   INF   Displays: 1
2019-11-10 17:37:26.181   MAIN   INF   Bounds: (0,0)-(1680,1050)
2019-11-10 17:37:26.702   MAIN   INF   Generated screenshot: image.png
2019-11-10 17:37:26.702   MAIN   INF   Generating finished
2019-11-10 17:37:27.008   MAIN   INF   Config file already exists
2019-11-10 17:37:27.905   MAIN   INF   Generating screenshot
2019-11-10 17:37:27.905   MAIN   INF   Displays: 1
2019-11-10 17:37:27.905   MAIN   INF   Bounds: (0,0)-(1680,1050)
2019-11-10 17:37:28.418   MAIN   INF   Generated screenshot: image.png
2019-11-10 17:37:28.418   MAIN   INF   Generating finished
2019-11-10 17:37:51.505   MAIN   INF   Config file already exists
2019-11-10 17:37:52.176   MAIN   INF   Generating screenshot
2019-11-10 17:37:52.176   MAIN   INF   Displays: 1
2019-11-10 17:37:52.176   MAIN   INF   Bounds: (0,0)-(1680,1050)
2019-11-10 17:37:52.697   MAIN   INF   Generated screenshot: image.png
2019-11-10 17:37:52.697   MAIN   INF   Generating finished
2019-11-10 17:38:06.274   MAIN   INF   Config file already exists
2019-11-10 17:38:06.831   MAIN   INF   Generating screenshot
2019-11-10 17:38:06.831   MAIN   INF   Displays: 1
2019-11-10 17:38:06.831   MAIN   INF   Bounds: (0,0)-(1680,1050)
2019-11-10 17:38:07.360   MAIN   INF   Generated screenshot: image.png
2019-11-10 17:38:07.360   MAIN   INF   Generating finished
2019-11-10 17:38:21.806   MAIN   INF   Config file already exists
2019-11-10 17:38:22.299   MAIN   INF   Generating screenshot
2019-11-10 17:38:22.300   MAIN   INF   Displays: 1
2019-11-10 17:38:22.301   MAIN   INF   Bounds: (0,0)-(1680,1050)
2019-11-10 17:38:22.828   MAIN   INF   Generated screenshot: image.png
2019-11-10 17:38:22.828   MAIN   INF   Generating finished
2019-11-10 17:38:30.402   MAIN   INF   Config file already exists
2019-11-10 17:38:30.951   MAIN   INF   Generating screenshot
2019-11-10 17:38:30.951   MAIN   INF   Displays: 1
2019-11-10 17:38:30.952   MAIN   INF   Bounds: (0,0)-(1680,1050)
2019-11-10 17:38:31.477   MAIN   INF   Generated screenshot: image.png
2019-11-10 17:38:31.477   MAIN   INF   Generating finished
2019-11-10 17:38:41.372   MAIN   INF   Config file already exists
2019-11-10 17:38:42.819   MAIN   INF   Generating screenshot
2019-11-10 17:38:42.819   MAIN   INF   Displays: 1
2019-11-10 17:38:42.819   MAIN   INF   Bounds: (0,0)-(1680,1050)
2019-11-10 17:38:43.323   MAIN   INF   Generated screenshot: image.png
2019-11-10 17:38:43.323   MAIN   INF   Generating finished
2019-11-10 17:38:57.104   MAIN   INF   Config file already exists
2019-11-10 17:42:20.945   MAIN   INF   Server running
2019-11-10 17:42:20.974   MAIN   INF   Config file already exists
2019-11-10 17:42:22.804   MAIN   INF   Generating screenshot
2019-11-10 17:42:22.834   MAIN   INF   Displays: 1
2019-11-10 17:42:22.834   MAIN   INF   Bounds: (0,0)-(1680,1050)
2019-11-10 17:42:23.079   MAIN   INF   Generated screenshot: image.png
2019-11-10 17:42:23.079   MAIN   INF   Generating finished
2019-11-10 17:42:32.901   MAIN   INF   Config file already exists
2019-11-10 17:42:56.207   MAIN   INF   Generating screenshot
2019-11-10 17:42:56.207   MAIN   INF   Displays: 1
2019-11-10 17:42:56.208   MAIN   INF   Bounds: (0,0)-(1680,1050)
2019-11-10 17:42:56.428   MAIN   INF   Generated screenshot: image.png
2019-11-10 17:42:56.428   MAIN   INF   Generating finished
2019-11-10 17:42:58.199   MAIN   INF   Config file already exists
2019-11-10 17:43:10.219   MAIN   INF   Generating screenshot
2019-11-10 17:43:10.220   MAIN   INF   Displays: 1
2019-11-10 17:43:10.220   MAIN   INF   Bounds: (0,0)-(1680,1050)
2019-11-10 17:43:10.438   MAIN   INF   Generated screenshot: image.png
2019-11-10 17:43:10.438   MAIN   INF   Generating finished
2019-11-10 17:43:11.098   MAIN   INF   Config file already exists
2019-11-10 17:43:14.669   MAIN   INF   Generating screenshot
2019-11-10 17:43:14.692   MAIN   INF   Displays: 1
2019-11-10 17:43:14.693   MAIN   INF   Bounds: (0,0)-(1680,1050)
2019-11-10 17:43:14.910   MAIN   INF   Generated screenshot: image.png
2019-11-10 17:43:14.910   MAIN   INF   Generating finished
2019-11-10 17:43:15.951   MAIN   INF   Config file already exists
2019-11-10 17:43:55.439   MAIN   INF   Generating screenshot
2019-11-10 17:43:55.439   MAIN   INF   Displays: 1
2019-11-10 17:43:55.439   MAIN   INF   Bounds: (0,0)-(1680,1050)
2019-11-10 17:43:55.659   MAIN   INF   Generated screenshot: image.png
2019-11-10 17:43:55.659   MAIN   INF   Generating finished
2019-11-10 17:44:02.443   MAIN   INF   Config file already exists
2019-11-10 17:44:02.878   MAIN   INF   Generating screenshot
2019-11-10 17:44:02.878   MAIN   INF   Displays: 1
2019-11-10 17:44:02.879   MAIN   INF   Bounds: (0,0)-(1680,1050)
2019-11-10 17:44:03.095   MAIN   INF   Generated screenshot: image.png
2019-11-10 17:44:03.095   MAIN   INF   Generating finished
2019-11-10 17:44:06.967   MAIN   INF   Config file already exists
2019-11-10 17:44:07.454   MAIN   INF   Generating screenshot
2019-11-10 17:44:07.454   MAIN   INF   Displays: 1
2019-11-10 17:44:07.454   MAIN   INF   Bounds: (0,0)-(1680,1050)
2019-11-10 17:44:07.659   MAIN   INF   Generated screenshot: image.png
2019-11-10 17:44:07.659   MAIN   INF   Generating finished
2019-11-10 17:44:32.728   MAIN   INF   Server running
2019-11-10 17:44:33.763   MAIN   INF   Config file already exists
2019-11-10 17:44:35.298   MAIN   INF   Generating screenshot
2019-11-10 17:44:35.327   MAIN   INF   Displays: 1
2019-11-10 17:44:35.327   MAIN   INF   Bounds: (0,0)-(1680,1050)
2019-11-10 17:44:35.596   MAIN   INF   Generated screenshot: image.png
2019-11-10 17:44:35.596   MAIN   INF   Generating finished
2019-11-10 17:44:37.748   MAIN   INF   Config file already exists
2019-11-10 17:44:38.532   MAIN   INF   Generating screenshot
2019-11-10 17:44:38.532   MAIN   INF   Displays: 1
2019-11-10 17:44:38.532   MAIN   INF   Bounds: (0,0)-(1680,1050)
2019-11-10 17:44:38.748   MAIN   INF   Generated screenshot: image.png
2019-11-10 17:44:38.748   MAIN   INF   Generating finished
2019-11-10 17:44:40.004   MAIN   INF   Config file already exists
2019-11-10 17:57:42.880   MAIN   INF   Server running
2019-11-10 18:01:46.032   MAIN   INF   Server running
2019-11-10 18:02:58.805   MAIN   INF   Server running
2019-11-10 18:41:00.146   MAIN   INF   Server running
2019-11-10 18:41:02.369   MAIN   INF   Config file already exists
2019-11-10 18:41:14.501   MAIN   INF   Server running
2019-11-10 18:41:25.499   MAIN   INF   Server running
2019-11-10 18:41:26.713   MAIN   INF   Config file already exists
2019-11-10 18:41:27.817   MAIN   INF   Config file already exists
2019-11-10 18:42:36.074   MAIN   INF   Server running
2019-11-10 18:42:36.681   MAIN   INF   Config file already exists
2019-11-10 18:43:54.490   MAIN   INF   Server running
2019-11-10 18:43:55.638   MAIN   INF   Config file already exists
2019-11-10 18:44:17.385   MAIN   INF   Server running
2019-11-10 18:44:17.657   MAIN   INF   Config file already exists
2019-11-10 18:44:52.939   MAIN   INF   Server running
2019-11-10 18:44:53.377   MAIN   INF   Config file already exists
2019-11-10 18:44:57.730   MAIN   INF   Config file already exists
2019-11-10 18:45:08.119   MAIN   INF   Server running
2019-11-10 18:45:08.498   MAIN   INF   Config file already exists
2019-11-10 19:35:09.116   MAIN   INF   Server running
2019-11-10 19:35:11.125   MAIN   INF   Config file already exists
2019-11-10 19:35:56.616   MAIN   INF   Config file already exists
2019-11-10 19:36:00.651   MAIN   INF   Generating screenshot
2019-11-10 19:36:00.682   MAIN   INF   Displays: 1
2019-11-10 19:36:00.682   MAIN   INF   Bounds: (0,0)-(1680,1050)
2019-11-10 19:36:01.191   MAIN   INF   Generated screenshot: image.png
2019-11-10 19:36:01.191   MAIN   INF   Generating finished
2019-11-10 19:36:02.284   MAIN   INF   Config file already exists
2019-11-10 19:36:04.245   MAIN   INF   Config file already exists
2019-11-10 19:36:05.561   MAIN   INF   Config file already exists
2019-11-10 19:36:06.803   MAIN   INF   Config file already exists
2019-11-10 19:39:11.432   MAIN   INF   Server running
2019-11-10 19:39:14.767   MAIN   INF   Generating screenshot
2019-11-10 19:39:14.800   MAIN   INF   Displays: 1
2019-11-10 19:39:14.800   MAIN   INF   Bounds: (0,0)-(1680,1050)
2019-11-10 19:39:15.312   MAIN   INF   Generated screenshot: image.png
2019-11-10 19:39:15.312   MAIN   INF   Generating finished
2019-11-10 19:39:16.422   MAIN   INF   Config file already exists
2019-11-10 19:39:17.940   MAIN   INF   Config file already exists
2019-11-10 19:39:19.096   MAIN   INF   Config file already exists
2019-11-10 19:39:21.101   MAIN   INF   
2019-11-10 19:39:24.508   MAIN   INF   Config file already exists
2019-11-10 19:39:25.626   MAIN   INF   Config file already exists
2019-11-10 19:40:54.636   MAIN   INF   Server running
2019-11-10 19:40:57.736   MAIN   INF   Generating screenshot
2019-11-10 19:40:57.772   MAIN   INF   Displays: 1
2019-11-10 19:40:57.773   MAIN   INF   Bounds: (0,0)-(1680,1050)
2019-11-10 19:40:58.293   MAIN   INF   Generated screenshot: image.png
2019-11-10 19:40:58.293   MAIN   INF   Generating finished
2019-11-10 19:40:59.178   MAIN   INF   Config file already exists
2019-11-10 19:41:00.965   MAIN   INF   Config file already exists
2019-11-10 19:41:02.029   MAIN   INF   Config file already exists
2019-11-10 19:41:02.763   MAIN   INF   Config file already exists
2019-11-10 19:41:06.528   MAIN   INF   Config file already exists
2019-11-10 19:52:07.084   MAIN   INF   Server running
2019-11-10 19:52:08.972   MAIN   INF   Config file already exists
2019-11-10 19:55:36.010   MAIN   INF   Server running
2019-11-10 19:55:37.304   MAIN   INF   Config file already exists
2019-11-10 19:55:46.376   MAIN   INF   Config file already exists
2019-11-10 19:55:57.146   MAIN   INF   Config file already exists
2019-11-10 20:04:48.844   MAIN   INF   Server running
2019-11-10 20:04:52.584   MAIN   INF   Generating screenshot
2019-11-10 20:04:52.614   MAIN   INF   Displays: 1
2019-11-10 20:04:52.614   MAIN   INF   Bounds: (0,0)-(1680,1050)
2019-11-10 20:04:53.140   MAIN   INF   Generated screenshot: image.png
2019-11-10 20:04:53.140   MAIN   INF   Generating finished
2019-11-10 20:04:54.199   MAIN   INF   Config file already exists
2019-11-10 20:04:55.094   MAIN   INF   Config file already exists
2019-11-10 20:04:56.203   MAIN   INF   Config file already exists
2019-11-10 20:05:03.007   MAIN   INF   Config file already exists
2019-11-10 20:05:04.170   MAIN   INF   Config file already exists
2019-11-10 20:05:05.924   MAIN   INF   Config file already exists
2019-11-10 20:05:06.862   MAIN   INF   Config file already exists
2019-11-10 20:06:01.421   MAIN   INF   Generating screenshot
2019-11-10 20:06:01.422   MAIN   INF   Displays: 1
2019-11-10 20:06:01.422   MAIN   INF   Bounds: (0,0)-(1680,1050)
2019-11-10 20:06:01.908   MAIN   INF   Generated screenshot: image.png
2019-11-10 20:06:01.909   MAIN   INF   Generating finished
2019-11-10 20:06:08.983   MAIN   INF   Config file already exists
2019-11-10 20:07:05.228   MAIN   INF   Server running
2019-11-10 20:07:06.447   MAIN   INF   Config file already exists
2019-11-10 20:07:11.333   MAIN   INF   Generating screenshot
2019-11-10 20:07:11.363   MAIN   INF   Displays: 1
2019-11-10 20:07:11.363   MAIN   INF   Bounds: (0,0)-(1680,1050)
2019-11-10 20:07:11.605   MAIN   INF   Generated screenshot: image.png
2019-11-10 20:07:11.605   MAIN   INF   Generating finished
2019-11-10 20:07:12.827   MAIN   INF   Config file already exists
2019-11-10 20:07:13.722   MAIN   INF   Config file already exists
2019-11-10 20:07:15.763   MAIN   INF   Config file already exists
2019-11-10 20:07:17.038   MAIN   INF   Config file already exists
2019-11-10 20:08:18.741   MAIN   INF   Server running
2019-11-10 20:09:05.863   MAIN   INF   Server running
2019-11-10 20:09:08.106   MAIN   WRN   Config file does not exist, creating
2019-11-10 20:09:08.106   MAIN   INF   Directory for config file created
2019-11-10 20:09:08.107   MAIN   INF   Writing data to JSON file
2019-11-10 20:09:08.107   MAIN   INF   Data written to config file
2019-11-10 20:10:03.073   MAIN   INF   Server running
2019-11-10 20:10:04.059   MAIN   INF   Generating screenshot
2019-11-10 20:10:04.094   MAIN   INF   Displays: 1
2019-11-10 20:10:04.094   MAIN   INF   Bounds: (0,0)-(1680,1050)
2019-11-10 20:10:04.341   MAIN   INF   Generated screenshot: image.png
2019-11-10 20:10:04.341   MAIN   INF   Generating finished
2019-11-10 20:10:05.294   MAIN   WRN   Config file does not exist, creating
2019-11-10 20:10:05.294   MAIN   INF   Directory for config file created
2019-11-10 20:10:05.294   MAIN   INF   Writing data to JSON file
2019-11-10 20:10:05.294   MAIN   INF   Data written to config file
2019-11-10 20:12:17.518   MAIN   INF   Config file already exists
2019-11-10 20:12:20.041   MAIN   INF   Config file already exists
2019-11-10 20:12:22.513   MAIN   INF   Config file already exists
2019-11-10 20:12:25.440   MAIN   INF   Config file already exists
2019-11-10 20:12:30.413   MAIN   INF   Config file already exists
2019-11-10 20:12:32.908   MAIN   INF   Config file already exists
2019-11-10 20:12:35.202   MAIN   INF   Generating screenshot
2019-11-10 20:12:35.202   MAIN   INF   Displays: 1
2019-11-10 20:12:35.202   MAIN   INF   Bounds: (0,0)-(1680,1050)
2019-11-10 20:12:35.688   MAIN   INF   Generated screenshot: image.png
2019-11-10 20:12:35.688   MAIN   INF   Generating finished
2019-11-10 20:12:37.032   MAIN   INF   Config file already exists
2019-11-10 20:12:37.996   MAIN   INF   Config file already exists
2019-11-10 20:12:39.238   MAIN   INF   Config file already exists
2019-11-10 20:12:40.677   MAIN   INF   Config file already exists
2019-11-10 20:12:41.935   MAIN   INF   Config file already exists
2019-11-10 20:12:42.906   MAIN   INF   
2019-11-10 20:12:47.029   MAIN   INF   Config file already exists
2019-11-10 20:12:50.473   MAIN   INF   Config file already exists
2019-11-10 20:12:51.581   MAIN   INF   Generating screenshot
2019-11-10 20:12:51.582   MAIN   INF   Displays: 1
2019-11-10 20:12:51.582   MAIN   INF   Bounds: (0,0)-(1680,1050)
2019-11-10 20:12:52.055   MAIN   INF   Generated screenshot: image.png
2019-11-10 20:12:52.055   MAIN   INF   Generating finished
2019-11-10 20:12:53.440   MAIN   INF   Config file already exists
2019-11-10 20:12:54.477   MAIN   INF   Generating screenshot
2019-11-10 20:12:54.477   MAIN   INF   Displays: 1
2019-11-10 20:12:54.478   MAIN   INF   Bounds: (0,0)-(1680,1050)
2019-11-10 20:12:54.944   MAIN   INF   Generated screenshot: image.png
2019-11-10 20:12:54.944   MAIN   INF   Generating finished
2019-11-10 20:12:57.684   MAIN   INF   Config file already exists
2019-11-10 20:13:49.700   MAIN   INF   Server running
2019-11-10 20:13:51.719   MAIN   INF   Config file already exists
2019-11-10 20:13:54.424   MAIN   INF   Generating screenshot
2019-11-10 20:13:54.459   MAIN   INF   Displays: 1
2019-11-10 20:13:54.459   MAIN   INF   Bounds: (0,0)-(1680,1050)
2019-11-10 20:13:54.709   MAIN   INF   Generated screenshot: image.png
2019-11-10 20:13:54.709   MAIN   INF   Generating finished
2019-11-10 20:13:55.916   MAIN   INF   Config file already exists
2019-11-10 20:14:19.315   MAIN   INF   Server running
2019-11-10 20:14:19.492   MAIN   INF   Config file already exists
2019-11-10 20:14:31.494   MAIN   INF   Config file already exists
2019-11-10 20:14:54.557   MAIN   INF   Config file already exists
2019-11-10 20:15:21.299   MAIN   INF   Config file already exists
2019-11-10 20:15:22.445   MAIN   INF   Generating screenshot
2019-11-10 20:15:22.476   MAIN   INF   Displays: 1
2019-11-10 20:15:22.476   MAIN   INF   Bounds: (0,0)-(1680,1050)
2019-11-10 20:15:23.037   MAIN   INF   Generated screenshot: image.png
2019-11-10 20:15:23.037   MAIN   INF   Generating finished
2019-11-10 20:15:23.997   MAIN   INF   Config file already exists
2019-11-10 20:15:25.153   MAIN   INF   Config file already exists
2019-11-10 20:15:26.018   MAIN   INF   Config file already exists
2019-11-10 20:15:27.215   MAIN   INF   Config file already exists
2019-11-10 20:21:11.623   MAIN   INF   Server running
2019-11-10 20:21:13.976   MAIN   INF   Config file already exists
2019-11-10 20:21:16.493   MAIN   INF   Generating screenshot
2019-11-10 20:21:16.529   MAIN   INF   Displays: 1
2019-11-10 20:21:16.530   MAIN   INF   Bounds: (0,0)-(1680,1050)
2019-11-10 20:21:16.781   MAIN   INF   Generated screenshot: image.png
2019-11-10 20:21:16.781   MAIN   INF   Generating finished
2019-11-10 20:21:17.555   MAIN   INF   Config file already exists
2019-11-10 20:21:18.333   MAIN   INF   Config file already exists
2019-11-10 20:21:19.386   MAIN   INF   Config file already exists
2019-11-10 20:21:20.276   MAIN   INF   Generating screenshot
2019-11-10 20:21:20.276   MAIN   INF   Displays: 1
2019-11-10 20:21:20.276   MAIN   INF   Bounds: (0,0)-(1680,1050)
2019-11-10 20:21:20.487   MAIN   INF   Generated screenshot: image.png
2019-11-10 20:21:20.488   MAIN   INF   Generating finished
2019-11-10 20:21:21.605   MAIN   INF   Config file already exists
2019-11-10 20:21:22.745   MAIN   INF   Config file already exists
2019-11-10 20:21:23.736   MAIN   INF   Config file already exists
2019-11-10 20:21:25.127   MAIN   INF   Generating screenshot
2019-11-10 20:21:25.128   MAIN   INF   Displays: 1
2019-11-10 20:21:25.128   MAIN   INF   Bounds: (0,0)-(1680,1050)
2019-11-10 20:21:25.341   MAIN   INF   Generated screenshot: image.png
2019-11-10 20:21:25.341   MAIN   INF   Generating finished
2019-11-10 20:21:49.176   MAIN   INF   Config file already exists
2019-11-10 20:21:49.992   MAIN   INF   Config file already exists
2019-11-10 20:21:50.755   MAIN   INF   Config file already exists
2019-11-10 20:21:52.805   MAIN   INF   Generating screenshot
2019-11-10 20:21:52.806   MAIN   INF   Displays: 1
2019-11-10 20:21:52.806   MAIN   INF   Bounds: (0,0)-(1680,1050)
2019-11-10 20:21:53.025   MAIN   INF   Generated screenshot: image.png
2019-11-10 20:21:53.025   MAIN   INF   Generating finished
2019-11-10 20:21:55.474   MAIN   INF   Config file already exists
2019-11-10 20:22:00.767   MAIN   INF   Config file already exists
2019-11-10 20:23:31.748   MAIN   INF   Server running
2019-11-10 20:23:32.112   MAIN   INF   Config file already exists
2019-11-10 20:23:34.221   MAIN   INF   Config file already exists
2019-11-10 20:23:35.009   MAIN   INF   Config file already exists
2019-11-10 20:23:35.888   MAIN   INF   Generating screenshot
2019-11-10 20:23:35.923   MAIN   INF   Displays: 1
2019-11-10 20:23:35.923   MAIN   INF   Bounds: (0,0)-(1680,1050)
2019-11-10 20:23:36.168   MAIN   INF   Generated screenshot: image.png
2019-11-10 20:23:36.168   MAIN   INF   Generating finished
2019-11-10 20:23:39.961   MAIN   INF   Config file already exists
2019-11-10 20:23:55.332   MAIN   INF   Generating screenshot
2019-11-10 20:23:55.332   MAIN   INF   Displays: 1
2019-11-10 20:23:55.333   MAIN   INF   Bounds: (0,0)-(1680,1050)
2019-11-10 20:23:55.549   MAIN   INF   Generated screenshot: image.png
2019-11-10 20:23:55.549   MAIN   INF   Generating finished
2019-11-10 20:23:57.222   MAIN   INF   Generating screenshot
2019-11-10 20:23:57.222   MAIN   INF   Displays: 1
2019-11-10 20:23:57.223   MAIN   INF   Bounds: (0,0)-(1680,1050)
2019-11-10 20:23:57.442   MAIN   INF   Generated screenshot: image.png
2019-11-10 20:23:57.442   MAIN   INF   Generating finished
2019-11-10 20:23:59.687   MAIN   INF   Generating screenshot
2019-11-10 20:23:59.688   MAIN   INF   Displays: 1
2019-11-10 20:23:59.688   MAIN   INF   Bounds: (0,0)-(1680,1050)
2019-11-10 20:23:59.913   MAIN   INF   Generated screenshot: image.png
2019-11-10 20:23:59.913   MAIN   INF   Generating finished
2019-11-10 20:24:00.694   MAIN   INF   Generating screenshot
2019-11-10 20:24:00.694   MAIN   INF   Displays: 1
2019-11-10 20:24:00.694   MAIN   INF   Bounds: (0,0)-(1680,1050)
2019-11-10 20:24:00.915   MAIN   INF   Generated screenshot: image.png
2019-11-10 20:24:00.915   MAIN   INF   Generating finished
2019-11-10 20:24:01.515   MAIN   INF   Generating screenshot
2019-11-10 20:24:01.515   MAIN   INF   Displays: 1
2019-11-10 20:24:01.516   MAIN   INF   Bounds: (0,0)-(1680,1050)
2019-11-10 20:24:01.740   MAIN   INF   Generated screenshot: image.png
2019-11-10 20:24:01.740   MAIN   INF   Generating finished
2019-11-10 20:24:02.419   MAIN   INF   Generating screenshot
2019-11-10 20:24:02.419   MAIN   INF   Displays: 1
2019-11-10 20:24:02.420   MAIN   INF   Bounds: (0,0)-(1680,1050)
2019-11-10 20:24:02.652   MAIN   INF   Generated screenshot: image.png
2019-11-10 20:24:02.652   MAIN   INF   Generating finished
2019-11-10 20:24:10.490   MAIN   INF   Generating screenshot
2019-11-10 20:24:10.490   MAIN   INF   Displays: 1
2019-11-10 20:24:10.491   MAIN   INF   Bounds: (0,0)-(1680,1050)
2019-11-10 20:24:10.719   MAIN   INF   Generated screenshot: image.png
2019-11-10 20:24:10.719   MAIN   INF   Generating finished
2019-11-10 20:24:11.438   MAIN   INF   Config file already exists
2019-11-10 20:24:13.015   MAIN   INF   Generating screenshot
2019-11-10 20:24:13.016   MAIN   INF   Displays: 1
2019-11-10 20:24:13.016   MAIN   INF   Bounds: (0,0)-(1680,1050)
2019-11-10 20:24:13.233   MAIN   INF   Generated screenshot: image.png
2019-11-10 20:24:13.233   MAIN   INF   Generating finished
2019-11-10 20:24:13.988   MAIN   INF   Generating screenshot
2019-11-10 20:24:13.988   MAIN   INF   Displays: 1
2019-11-10 20:24:13.989   MAIN   INF   Bounds: (0,0)-(1680,1050)
2019-11-10 20:24:14.205   MAIN   INF   Generated screenshot: image.png
2019-11-10 20:24:14.205   MAIN   INF   Generating finished
2019-11-10 20:24:20.185   MAIN   INF   Config file already exists
2019-11-10 20:24:26.486   MAIN   INF   Generating screenshot
2019-11-10 20:24:26.487   MAIN   INF   Displays: 1
2019-11-10 20:24:26.488   MAIN   INF   Bounds: (0,0)-(1680,1050)
2019-11-10 20:24:26.700   MAIN   INF   Generated screenshot: image.png
2019-11-10 20:24:26.700   MAIN   INF   Generating finished
2019-11-10 20:24:30.194   MAIN   INF   Generating screenshot
2019-11-10 20:24:30.194   MAIN   INF   Displays: 1
2019-11-10 20:24:30.194   MAIN   INF   Bounds: (0,0)-(1680,1050)
2019-11-10 20:24:30.406   MAIN   INF   Generated screenshot: image.png
2019-11-10 20:24:30.406   MAIN   INF   Generating finished
2019-11-10 20:24:31.818   MAIN   INF   Config file already exists
2019-11-10 20:24:33.824   MAIN   INF   Generating screenshot
2019-11-10 20:24:33.824   MAIN   INF   Displays: 1
2019-11-10 20:24:33.825   MAIN   INF   Bounds: (0,0)-(1680,1050)
2019-11-10 20:24:34.046   MAIN   INF   Generated screenshot: image.png
2019-11-10 20:24:34.046   MAIN   INF   Generating finished
2019-11-10 20:24:34.706   MAIN   INF   Config file already exists
2019-11-10 20:24:35.247   MAIN   INF   Config file already exists
2019-11-10 20:24:36.220   MAIN   INF   Config file already exists
2019-11-10 20:24:37.380   MAIN   INF   Config file already exists
2019-11-10 20:24:39.318   MAIN   INF   Config file already exists
2019-11-10 20:41:02.378   MAIN   INF   Server running
2019-11-10 20:41:05.556   MAIN   INF   Config file already exists
2019-11-10 20:41:25.016   MAIN   INF   Config file already exists
2019-11-10 20:41:37.161   MAIN   INF   Config file already exists
2019-11-10 20:41:47.254   MAIN   INF   Config file already exists
2019-11-10 20:42:01.201   MAIN   INF   Config file already exists
2019-11-10 20:42:11.235   MAIN   INF   Config file already exists
2019-11-10 20:42:18.532   MAIN   INF   Config file already exists
2019-11-10 20:42:28.569   MAIN   INF   Config file already exists
2019-11-10 20:43:01.034   MAIN   INF   Server running
2019-11-10 20:43:02.416   MAIN   INF   Config file already exists
2019-11-10 20:43:44.587   MAIN   INF   Config file already exists
2019-11-10 20:44:01.734   MAIN   INF   Config file already exists
2019-11-10 20:44:23.267   MAIN   INF   Config file already exists
2019-11-10 20:44:27.402   MAIN   INF   Generating screenshot
2019-11-10 20:44:27.434   MAIN   INF   Displays: 1
2019-11-10 20:44:27.434   MAIN   INF   Bounds: (0,0)-(1680,1050)
2019-11-10 20:44:27.681   MAIN   INF   Generated screenshot: image.png
2019-11-10 20:44:27.681   MAIN   INF   Generating finished
2019-11-10 20:44:29.271   MAIN   INF   Config file already exists
2019-11-10 20:44:30.191   MAIN   INF   Config file already exists
2019-11-10 20:44:30.931   MAIN   INF   Config file already exists
2019-11-10 20:44:32.129   MAIN   INF   Config file already exists
2019-11-10 20:44:54.173   MAIN   INF   Config file already exists
2019-11-10 20:45:17.222   MAIN   INF   Config file already exists
2019-11-10 20:51:21.128   MAIN   INF   Server running
2019-11-10 20:51:25.940   MAIN   INF   Config file already exists
2019-11-10 20:51:59.223   MAIN   INF   Server running
2019-11-10 20:52:00.232   MAIN   INF   Config file already exists
2019-11-10 20:52:45.555   MAIN   INF   Server running
2019-11-10 20:52:56.651   MAIN   INF   Server running
2019-11-10 20:52:57.242   MAIN   INF   Config file already exists
2019-11-10 20:53:09.462   MAIN   INF   localhost
2019-11-10 20:53:37.966   MAIN   INF   Server running
2019-11-10 20:53:39.651   MAIN   INF   Config file already exists
2019-11-10 20:53:49.683   MAIN   INF   Looks ok
2019-11-10 20:53:51.794   MAIN   INF   localhost
2019-11-10 20:55:07.858   MAIN   INF   Server running
2019-11-10 20:55:19.017   MAIN   INF   Looks ok
2019-11-10 20:55:21.249   MAIN   INF   www.seznam.cz
2019-11-10 20:55:56.289   MAIN   INF   Server running
2019-11-10 20:56:06.529   MAIN   ERR   www.seznam.hungaria not reachable, lookup www.seznam.hungaria: no such host
2019-11-10 20:56:06.529   MAIN   INF   Looks ok
2019-11-10 20:56:06.533   MAIN   ERR   www.seznam.hungaria not reachable, lookup www.seznam.hungaria: no such host
2019-11-10 20:56:06.533   MAIN   INF   Looks ok
2019-11-10 20:56:06.536   MAIN   ERR   www.seznam.hungaria not reachable, lookup www.seznam.hungaria: no such host
2019-11-10 20:56:06.536   MAIN   INF   Looks ok
2019-11-10 20:57:12.435   MAIN   INF   Server running
2019-11-10 20:57:23.994   MAIN   ERR   www.seznam.hungaria not reachable, lookup www.seznam.hungaria: no such host
2019-11-10 20:57:23.994   MAIN   INF   Looks ok
2019-11-10 20:57:23.997   MAIN   ERR   www.seznam.hungaria not reachable, lookup www.seznam.hungaria: no such host
2019-11-10 20:57:23.997   MAIN   INF   Looks ok
2019-11-10 20:57:24.000   MAIN   ERR   www.seznam.hungaria not reachable, lookup www.seznam.hungaria: no such host
2019-11-10 20:57:24.000   MAIN   INF   Looks ok
2019-11-10 20:57:54.564   MAIN   INF   Server running
2019-11-10 20:57:56.508   MAIN   INF   Config file already exists
2019-11-10 20:58:06.558   MAIN   ERR   www.seznam.hungaria not reachable, lookup www.seznam.hungaria: no such host
2019-11-10 20:58:23.888   MAIN   ERR   www.seznam.hungaria not reachable, lookup www.seznam.hungaria: no such host
2019-11-10 21:00:29.643   MAIN   INF   Server running
2019-11-10 21:00:30.604   MAIN   INF   Config file already exists
2019-11-10 21:00:33.117   MAIN   INF   Config file already exists
2019-11-10 21:00:43.148   MAIN   ERR   www.seznam.hungaria not reachable, lookup www.seznam.hungaria: no such host
2019-11-10 21:00:52.633   MAIN   INF   Config file already exists
2019-11-10 21:01:02.666   MAIN   ERR   www.seznam.hungaria not reachable, lookup www.seznam.hungaria: no such host
2019-11-10 21:01:29.064   MAIN   INF   Server running
2019-11-10 21:01:36.615   MAIN   INF   Server running
2019-11-10 21:01:39.456   MAIN   INF   Config file already exists
2019-11-10 21:01:49.492   MAIN   ERR   www.seznam.hungaria not reachable, lookup www.seznam.hungaria: no such host
2019-11-10 21:01:59.502   MAIN   ERR   www.seznam.hungaria not reachable, lookup www.seznam.hungaria: no such host
2019-11-10 21:02:09.511   MAIN   ERR   www.seznam.hungaria not reachable, lookup www.seznam.hungaria: no such host
2019-11-10 21:02:19.522   MAIN   ERR   www.seznam.hungaria not reachable, lookup www.seznam.hungaria: no such host
2019-11-10 21:02:29.530   MAIN   ERR   www.seznam.hungaria not reachable, lookup www.seznam.hungaria: no such host
2019-11-10 21:02:41.325   MAIN   INF   Server running
2019-11-10 21:02:43.562   MAIN   ERR   www.seznam.hungaria not reachable, lookup www.seznam.hungaria: no such host
2019-11-10 21:02:43.565   MAIN   ERR   www.seznam.hungaria not reachable, lookup www.seznam.hungaria: no such host
2019-11-10 21:02:43.567   MAIN   ERR   www.seznam.hungaria not reachable, lookup www.seznam.hungaria: no such host
2019-11-10 21:02:52.187   MAIN   INF   Server running
2019-11-10 21:03:05.102   MAIN   INF   Config file already exists
2019-11-10 21:03:15.190   MAIN   ERR   www.seznam.hungaria not reachable, lookup www.seznam.hungaria: no such host
2019-11-10 21:03:15.193   MAIN   ERR   www.seznam.hungaria not reachable, lookup www.seznam.hungaria: no such host
2019-11-10 21:03:15.195   MAIN   ERR   www.seznam.hungaria not reachable, lookup www.seznam.hungaria: no such host
