2019-11-16 09:06:52.455   MAIN   INF   Config file already exists
2019-11-16 09:06:52.455   MAIN   INF   Server running
2019-11-16 09:07:19.048   MAIN   INF   Config file already exists
2019-11-16 09:07:19.048   MAIN   INF   Server running
2019-11-16 09:07:35.169   MAIN   INF   Config file already exists
2019-11-16 09:07:35.169   MAIN   INF   Server running
2019-11-16 09:07:54.481   MAIN   INF   Config file already exists
2019-11-16 09:07:54.481   MAIN   INF   Server running
2019-11-16 09:08:40.321   MAIN   INF   Config file already exists
2019-11-16 09:08:40.321   MAIN   INF   Server running
2019-11-16 09:09:04.296   MAIN   INF   Config file already exists
2019-11-16 09:09:04.296   MAIN   INF   Server running
2019-11-16 09:09:17.005   MAIN   INF   Config file already exists
2019-11-16 09:09:17.005   MAIN   INF   Server running
2019-11-16 09:09:27.309   MAIN   INF   Config file already exists
2019-11-16 09:09:27.309   MAIN   INF   Server running
2019-11-16 09:10:07.290   MAIN   INF   Config file already exists
2019-11-16 09:10:07.290   MAIN   INF   Server running
2019-11-16 09:10:26.740   MAIN   INF   Config file already exists
2019-11-16 09:10:26.741   MAIN   INF   Server running
2019-11-16 09:10:37.900   MAIN   INF   Generating screenshot
2019-11-16 09:10:37.934   MAIN   INF   Displays: 1
2019-11-16 09:10:37.934   MAIN   INF   Bounds: (0,0)-(1680,1050)
2019-11-16 09:10:38.203   MAIN   INF   Generated screenshot: image.png
2019-11-16 09:10:38.203   MAIN   INF   Generating finished
2019-11-16 09:10:54.457   MAIN   INF   Config file already exists
2019-11-16 09:10:54.457   MAIN   INF   Server running
2019-11-16 09:11:00.725   MAIN   INF   Generating screenshot
2019-11-16 09:11:00.761   MAIN   INF   Displays: 1
2019-11-16 09:11:00.761   MAIN   INF   Bounds: (0,0)-(1680,1050)
2019-11-16 09:11:01.018   MAIN   INF   Generated screenshot: image.png
2019-11-16 09:11:01.018   MAIN   INF   Generating finished
2019-11-16 09:12:25.789   MAIN   INF   Config file already exists
2019-11-16 09:12:42.493   MAIN   INF   Config file already exists
2019-11-16 09:12:42.493   MAIN   INF   Server running
2019-11-16 09:12:45.449   MAIN   INF   Generating screenshot
2019-11-16 09:12:45.481   MAIN   INF   Displays: 1
2019-11-16 09:12:45.482   MAIN   INF   Bounds: (0,0)-(1680,1050)
2019-11-16 09:12:45.742   MAIN   INF   Generated screenshot: image.png
2019-11-16 09:12:45.742   MAIN   INF   Generating finished
2019-11-16 09:14:10.436   MAIN   INF   Config file already exists
2019-11-16 09:14:10.436   MAIN   INF   Server running
2019-11-16 09:15:21.318   MAIN   INF   Config file already exists
2019-11-16 09:15:21.318   MAIN   INF   Server running
2019-11-16 09:15:38.464   MAIN   INF   Generating screenshot
2019-11-16 09:15:38.464   MAIN   INF   
2019-11-16 09:15:38.465   MAIN   INF   Generating finished
2019-11-16 09:15:43.794   MAIN   INF   Generating screenshot
2019-11-16 09:15:43.794   MAIN   INF   
2019-11-16 09:15:43.794   MAIN   INF   Generating finished
2019-11-16 09:15:44.626   MAIN   INF   Generating screenshot
2019-11-16 09:15:44.626   MAIN   INF   
2019-11-16 09:15:44.626   MAIN   INF   Generating finished
2019-11-16 13:15:38.631   MAIN   INF   Config file already exists
2019-11-16 13:15:38.632   MAIN   INF   Server running
2019-11-16 13:16:30.125   MAIN   INF   Config file already exists
2019-11-16 13:16:30.125   MAIN   INF   Server running
2019-11-16 13:17:04.469   MAIN   INF   Config file already exists
2019-11-16 13:17:04.469   MAIN   INF   Server running
2019-11-16 13:20:28.428   MAIN   INF   Config file already exists
2019-11-16 13:20:28.428   MAIN   INF   Server running
2019-11-16 13:20:57.349   MAIN   INF   Config file already exists
2019-11-16 13:20:57.349   MAIN   INF   Server running
2019-11-16 13:22:41.783   MAIN   INF   Updating server ip address
2019-11-16 13:22:41.783   MAIN   INF   Server ip address updated
2019-11-16 13:22:46.989   MAIN   INF   Updating server ip address
2019-11-16 13:22:46.989   MAIN   INF   Server ip address updated
2019-11-16 13:24:12.787   MAIN   INF   Config file already exists
2019-11-16 13:24:12.787   MAIN   INF   Server running
2019-11-16 13:47:01.669   MAIN   INF   Config file already exists
2019-11-16 13:47:01.669   MAIN   INF   Server running
2019-11-16 13:47:39.369   MAIN   INF   Config file already exists
2019-11-16 13:47:39.369   MAIN   INF   Server running
2019-11-16 13:48:26.427   MAIN   INF   Config file already exists
2019-11-16 13:48:26.427   MAIN   INF   Server running
2019-11-16 13:50:50.178   MAIN   INF   Config file already exists
2019-11-16 13:50:50.179   MAIN   INF   Server running
2019-11-16 13:51:07.338   MAIN   INF   Config file already exists
2019-11-16 13:51:07.338   MAIN   INF   Server running
2019-11-16 13:51:25.454   MAIN   INF   Config file already exists
2019-11-16 13:51:25.454   MAIN   INF   Server running
2019-11-16 13:51:50.013   MAIN   INF   Config file already exists
2019-11-16 13:51:50.013   MAIN   INF   Server running
2019-11-16 13:54:12.087   MAIN   INF   Config file already exists
2019-11-16 13:54:12.087   MAIN   INF   Server running
2019-11-16 13:54:28.682   MAIN   INF   Config file already exists
2019-11-16 13:54:28.683   MAIN   INF   Server running
2019-11-16 13:54:42.066   MAIN   INF   Config file already exists
2019-11-16 13:54:42.066   MAIN   INF   Server running
2019-11-16 13:55:18.201   MAIN   INF   Config file already exists
2019-11-16 13:55:18.201   MAIN   INF   Server running
2019-11-16 13:55:54.116   MAIN   INF   Config file already exists
2019-11-16 13:55:54.116   MAIN   INF   Server running
2019-11-16 13:56:27.556   MAIN   INF   Config file already exists
2019-11-16 13:56:27.556   MAIN   INF   Server running
2019-11-16 13:58:29.119   MAIN   INF   Config file already exists
2019-11-16 13:58:29.119   MAIN   INF   Server running
2019-11-16 13:58:34.195   MAIN   ERR   192.168.66.5 not accessible: dial tcp 192.168.66.5:80: connect: no route to host
2019-11-16 13:59:17.824   MAIN   INF   Config file already exists
2019-11-16 13:59:17.824   MAIN   INF   Server running
2019-11-16 13:59:19.591   MAIN   ERR   192.168.66.5 not accessible: dial tcp 192.168.66.5:80: connect: no route to host
