2020-03-31 10:09:01.046   MAIN   INF   Starting Terminal local webservice on darwin-launchd
2020-03-31 10:09:01.046   MAIN   INF   Config file already exists
2020-03-31 10:09:01.046   MAIN   INF   Server running
2020-03-31 10:09:01.047   MAIN   INF   Deleting old log file HOMEPAGE 2020-02-04.log with age of 1342h39m0.413729173s
2020-03-31 10:09:01.048   MAIN   INF   Deleting old log file HOMEPAGE 2020-02-11.log with age of 1175h11m48.025029447s
2020-03-31 10:09:01.049   MAIN   INF   Deleting old log file MAIN 2019-11-10.err with age of 3396h5m45.851383543s
2020-03-31 10:09:01.050   MAIN   INF   Deleting old log file MAIN 2019-11-10.log with age of 3396h5m45.851455462s
2020-03-31 10:09:01.053   MAIN   INF   Deleting old log file MAIN 2019-11-11.err with age of 3380h5m37.401066601s
2020-03-31 10:09:01.053   MAIN   INF   Deleting old log file MAIN 2019-11-11.log with age of 3380h5m27.453200684s
2020-03-31 10:09:01.054   MAIN   INF   Deleting old log file MAIN 2019-11-13.log with age of 3324h23m7.237087048s
2020-03-31 10:09:01.054   MAIN   INF   Deleting old log file MAIN 2019-11-14.log with age of 3306h23m19.462328526s
2020-03-31 10:09:01.055   MAIN   INF   Deleting old log file MAIN 2019-11-16.err with age of 3259h9m41.455024095s
2020-03-31 10:09:01.056   MAIN   INF   Deleting old log file MAIN 2019-11-16.log with age of 3259h9m41.455784034s
2020-03-31 10:09:01.056   MAIN   INF   Deleting old log file MAIN 2019-11-23.err with age of 3084h35m0.395370654s
2020-03-31 10:09:01.060   MAIN   INF   Deleting old log file MAIN 2019-11-23.log with age of 3084h35m0.395539529s
2020-03-31 10:09:01.061   MAIN   INF   Deleting old log file MAIN 2019-11-24.err with age of 3069h33m7.090505786s
2020-03-31 10:09:01.061   MAIN   INF   Deleting old log file MAIN 2019-11-24.log with age of 3069h33m7.090615391s
2020-03-31 10:09:01.062   MAIN   INF   Deleting old log file MAIN 2020-02-04.err with age of 1342h37m57.169104953s
2020-03-31 10:09:01.064   MAIN   INF   Deleting old log file MAIN 2020-02-04.log with age of 1342h37m57.169006218s
2020-03-31 10:09:01.066   MAIN   INF   Deleting old log file MAIN 2020-02-11.err with age of 1175h10m24.750120914s
2020-03-31 10:09:01.066   MAIN   INF   Deleting old log file MAIN 2020-02-11.log with age of 1175h10m24.750206353s
2020-03-31 10:09:01.067   MAIN   INF   Deleting old log file MAIN 2020-03-06.err with age of 595h41m43.171052159s
2020-03-31 10:09:01.067   MAIN   INF   Deleting old log file MAIN 2020-03-06.log with age of 595h41m43.14743541s
2020-03-31 10:09:01.067   MAIN   INF   Deleting old log file NETWORK CHANGE 2020-02-04.log with age of 1343h12m26.089546934s
2020-03-31 10:09:01.068   MAIN   INF   Deleting old log file PASSWORD 2020-02-04.log with age of 1343h12m47.474194465s
2020-03-31 10:09:01.068   MAIN   INF   Deleting old log file PASSWORD 2020-02-11.log with age of 1175h11m46.455612663s
2020-03-31 10:09:01.068   MAIN   INF   Deleting old log file SCREENSHOT 2020-02-04.log with age of 1343h9m47.745720099s
2020-03-31 10:09:01.068   MAIN   INF   Deleting old log file SETUP 2020-02-04.log with age of 1343h12m42.457610533s
2020-03-31 10:09:01.068   MAIN   INF   Deleting old log file SETUP 2020-02-11.log with age of 1175h10m30.590971132s
2020-03-31 10:09:07.224   MAIN   INF   Homepage Loading
2020-03-31 10:09:07.225   MAIN   INF   Homepage loaded in 570.767µs
2020-03-31 10:09:10.546   MAIN   INF   Password loading
2020-03-31 10:09:10.546   MAIN   INF   Password loaded in 346.721µs
2020-03-31 10:09:12.341   MAIN   INF   Password loading
2020-03-31 10:09:12.341   MAIN   INF   Password loaded in 107.378µs
2020-03-31 10:10:43.801   MAIN   INF   Homepage Loading
2020-03-31 10:10:43.801   MAIN   INF   Homepage loaded in 220.627µs
2020-03-31 10:10:47.979   MAIN   INF   Stopped on platform darwin-launchd
2020-03-31 10:10:50.574   MAIN   INF   Starting Terminal local webservice on darwin-launchd
2020-03-31 10:10:50.574   MAIN   INF   Config file already exists
2020-03-31 10:10:50.574   MAIN   INF   Server running
2020-03-31 10:10:52.477   MAIN   INF   Homepage Loading
2020-03-31 10:10:52.478   MAIN   INF   Homepage loaded in 405.591µs
2020-03-31 10:11:01.411   MAIN   INF   Homepage Loading
2020-03-31 10:11:01.412   MAIN   INF   Homepage loaded in 267.993µs
2020-03-31 10:11:03.610   MAIN   INF   Password loading
2020-03-31 10:11:03.610   MAIN   INF   Password loaded in 154.173µs
2020-03-31 10:11:05.460   MAIN   INF   Password loading
2020-03-31 10:11:05.460   MAIN   INF   Password loaded in 136.913µs
2020-03-31 10:11:12.757   MAIN   INF   Homepage Loading
2020-03-31 10:11:12.758   MAIN   INF   Homepage loaded in 265.724µs
2020-03-31 10:11:47.178   MAIN   INF   Stopped on platform darwin-launchd
2020-03-31 10:11:51.011   MAIN   INF   Starting Terminal local webservice on darwin-launchd
2020-03-31 10:11:51.011   MAIN   INF   Config file already exists
2020-03-31 10:11:51.011   MAIN   INF   Server running
2020-03-31 10:11:53.501   MAIN   INF   Homepage Loading
2020-03-31 10:11:53.502   MAIN   INF   Homepage loaded in 598.459µs
2020-03-31 10:11:56.079   MAIN   INF   Password loading
2020-03-31 10:11:56.080   MAIN   INF   Password loaded in 379.773µs
2020-03-31 10:12:00.106   MAIN   INF   Homepage Loading
2020-03-31 10:12:00.106   MAIN   INF   Homepage loaded in 249.617µs
