2019-11-13 20:31:59.289   MAIN   INF   Server running
2019-11-13 20:32:30.221   MAIN   INF   Server running
2019-11-13 20:32:33.523   MAIN   INF   Config file already exists
2019-11-13 20:32:35.479   MAIN   INF   Generating screenshot
2019-11-13 20:32:35.516   MAIN   INF   Displays: 1
2019-11-13 20:32:35.516   MAIN   INF   Bounds: (0,0)-(1680,1050)
2019-11-13 20:32:35.784   MAIN   INF   Generated screenshot: image.png
2019-11-13 20:32:35.784   MAIN   INF   Generating finished
2019-11-13 20:32:38.977   MAIN   INF   Config file already exists
2019-11-13 20:32:39.807   MAIN   INF   Generating screenshot
2019-11-13 20:32:39.807   MAIN   INF   Displays: 1
2019-11-13 20:32:39.807   MAIN   INF   Bounds: (0,0)-(1680,1050)
2019-11-13 20:32:40.030   MAIN   INF   Generated screenshot: image.png
2019-11-13 20:32:40.031   MAIN   INF   Generating finished
2019-11-13 20:41:00.711   MAIN   INF   Server running
2019-11-13 20:41:02.893   MAIN   INF   Config file already exists
2019-11-13 20:41:04.498   MAIN   INF   Config file already exists
2019-11-13 20:41:05.528   MAIN   INF   Config file already exists
2019-11-13 20:41:06.111   MAIN   INF   Config file already exists
2019-11-13 20:41:06.759   MAIN   INF   Config file already exists
2019-11-13 20:41:11.433   MAIN   INF   
2019-11-13 20:41:59.501   MAIN   INF   Config file already exists
2019-11-13 20:42:03.715   MAIN   INF   Config file already exists
2019-11-13 20:42:13.340   MAIN   INF   Config file already exists
2019-11-13 20:42:20.039   MAIN   INF   Config file already exists
2019-11-13 20:42:23.858   MAIN   INF   Config file already exists
2019-11-13 20:43:39.751   MAIN   INF   Config file already exists
2019-11-13 20:43:48.233   MAIN   INF   Server running
2019-11-13 20:43:48.800   MAIN   INF   
2019-11-13 20:43:50.908   MAIN   INF   
2019-11-13 20:43:52.672   MAIN   INF   Config file already exists
2019-11-13 20:44:37.894   MAIN   INF   Config file already exists
2019-11-13 20:44:40.029   MAIN   INF   Config file already exists
2019-11-13 20:45:14.768   MAIN   INF   Config file already exists
2019-11-13 20:45:29.138   MAIN   INF   Config file already exists
2019-11-13 20:45:36.560   MAIN   INF   Config file already exists
2019-11-13 20:45:52.486   MAIN   INF   Config file already exists
2019-11-13 20:45:53.810   MAIN   INF   Config file already exists
